# JRE version: OpenJDK Runtime Environment (11.0.12+7) (build 11.0.12+7-b1504.28-7817840)
# Java VM: OpenJDK 64-Bit Server VM (11.0.12+7-b1504.28-7817840, mixed mode, tiered, compressed oops, g1 gc, windows-amd64)
Heap:
 garbage-first heap   total 121856K, used 80413K [0x0000000080000000, 0x0000000100000000)
  region size 1024K, 4 young (4096K), 2 survivors (2048K)
 Metaspace       used 86357K, capacity 88409K, committed 88776K, reserved 1126400K
  class space    used 11233K, capacity 12031K, committed 12108K, reserved 1048576K
GC Heap History (20 events):
Event: 150.714 GC heap before
{Heap before GC invocations=102 (full 0):
 garbage-first heap   total 101376K, used 85056K [0x0000000080000000, 0x0000000100000000)
  region size 1024K, 15 young (15360K), 3 survivors (3072K)
 Metaspace       used 84427K, capacity 86291K, committed 86472K, reserved 1124352K
  class space    used 11052K, capacity 11783K, committed 11852K, reserved 1048576K
}
Event: 150.933 GC heap after
{Heap after GC invocations=103 (full 0):
 garbage-first heap   total 101376K, used 74706K [0x0000000080000000, 0x0000000100000000)
  region size 1024K, 2 young (2048K), 2 survivors (2048K)
 Metaspace       used 84427K, capacity 86291K, committed 86472K, reserved 1124352K
  class space    used 11052K, capacity 11783K, committed 11852K, reserved 1048576K
}
Event: 156.065 GC heap before
{Heap before GC invocations=103 (full 0):
 garbage-first heap   total 101376K, used 85970K [0x0000000080000000, 0x0000000100000000)
  region size 1024K, 13 young (13312K), 2 survivors (2048K)
 Metaspace       used 85033K, capacity 86993K, committed 87368K, reserved 1124352K
  class space    used 11105K, capacity 11857K, committed 11980K, reserved 1048576K
}
Event: 156.092 GC heap after
{Heap after GC invocations=104 (full 0):
 garbage-first heap   total 101376K, used 75475K [0x0000000080000000, 0x0000000100000000)
  region size 1024K, 2 young (2048K), 2 survivors (2048K)
 Metaspace       used 85033K, capacity 86993K, committed 87368K, reserved 1124352K
  class space    used 11105K, capacity 11857K, committed 11980K, reserved 1048576K
}
Event: 158.763 GC heap before
{Heap before GC invocations=105 (full 0):
 garbage-first heap   total 101376K, used 86739K [0x0000000080000000, 0x0000000100000000)
  region size 1024K, 13 young (13312K), 2 survivors (2048K)
 Metaspace       used 85766K, capacity 87890K, committed 88008K, reserved 1126400K
  class space    used 11254K, capacity 12076K, committed 12108K, reserved 1048576K
}
Event: 158.798 GC heap after
{Heap after GC invocations=106 (full 0):
 garbage-first heap   total 101376K, used 76227K [0x0000000080000000, 0x0000000100000000)
  region size 1024K, 1 young (1024K), 1 survivors (1024K)
 Metaspace       used 85766K, capacity 87890K, committed 88008K, reserved 1126400K
  class space    used 11254K, capacity 12076K, committed 12108K, reserved 1048576K
}
Event: 162.485 GC heap before
{Heap before GC invocations=106 (full 0):
 garbage-first heap   total 101376K, used 85443K [0x0000000080000000, 0x0000000100000000)
  region size 1024K, 11 young (11264K), 1 survivors (1024K)
 Metaspace       used 85949K, capacity 88059K, committed 88264K, reserved 1126400K
  class space    used 11257K, capacity 12081K, committed 12108K, reserved 1048576K
}
Event: 162.501 GC heap after
{Heap after GC invocations=107 (full 0):
 garbage-first heap   total 101376K, used 76624K [0x0000000080000000, 0x0000000100000000)
  region size 1024K, 2 young (2048K), 2 survivors (2048K)
 Metaspace       used 85949K, capacity 88059K, committed 88264K, reserved 1126400K
  class space    used 11257K, capacity 12081K, committed 12108K, reserved 1048576K
}
Event: 165.051 GC heap before
{Heap before GC invocations=108 (full 0):
 garbage-first heap   total 101376K, used 85840K [0x0000000080000000, 0x0000000100000000)
  region size 1024K, 12 young (12288K), 2 survivors (2048K)
 Metaspace       used 86027K, capacity 88069K, committed 88264K, reserved 1126400K
  class space    used 11246K, capacity 12061K, committed 12108K, reserved 1048576K
}
Event: 165.080 GC heap after
{Heap after GC invocations=109 (full 0):
 garbage-first heap   total 101376K, used 77119K [0x0000000080000000, 0x0000000100000000)
  region size 1024K, 2 young (2048K), 2 survivors (2048K)
 Metaspace       used 86027K, capacity 88069K, committed 88264K, reserved 1126400K
  class space    used 11246K, capacity 12061K, committed 12108K, reserved 1048576K
}
Event: 166.271 GC heap before
{Heap before GC invocations=109 (full 0):
 garbage-first heap   total 101376K, used 85311K [0x0000000080000000, 0x0000000100000000)
  region size 1024K, 11 young (11264K), 2 survivors (2048K)
 Metaspace       used 86084K, capacity 88200K, committed 88520K, reserved 1126400K
  class space    used 11246K, capacity 12061K, committed 12108K, reserved 1048576K
}
Event: 166.298 GC heap after
{Heap after GC invocations=110 (full 0):
 garbage-first heap   total 101376K, used 77670K [0x0000000080000000, 0x0000000100000000)
  region size 1024K, 2 young (2048K), 2 survivors (2048K)
 Metaspace       used 86084K, capacity 88200K, committed 88520K, reserved 1126400K
  class space    used 11246K, capacity 12061K, committed 12108K, reserved 1048576K
}
Event: 167.421 GC heap before
{Heap before GC invocations=111 (full 0):
 garbage-first heap   total 101376K, used 86886K [0x0000000080000000, 0x0000000100000000)
  region size 1024K, 11 young (11264K), 2 survivors (2048K)
 Metaspace       used 86022K, capacity 88087K, committed 88520K, reserved 1126400K
  class space    used 11223K, capacity 12020K, committed 12108K, reserved 1048576K
}
Event: 167.442 GC heap after
{Heap after GC invocations=112 (full 0):
 garbage-first heap   total 101376K, used 78238K [0x0000000080000000, 0x0000000100000000)
  region size 1024K, 2 young (2048K), 2 survivors (2048K)
 Metaspace       used 86022K, capacity 88087K, committed 88520K, reserved 1126400K
  class space    used 11223K, capacity 12020K, committed 12108K, reserved 1048576K
}
Event: 168.382 GC heap before
{Heap before GC invocations=112 (full 0):
 garbage-first heap   total 101376K, used 85406K [0x0000000080000000, 0x0000000100000000)
  region size 1024K, 10 young (10240K), 2 survivors (2048K)
 Metaspace       used 86077K, capacity 88167K, committed 88520K, reserved 1126400K
  class space    used 11225K, capacity 12022K, committed 12108K, reserved 1048576K
}
Event: 168.406 GC heap after
{Heap after GC invocations=113 (full 0):
 garbage-first heap   total 101376K, used 78759K [0x0000000080000000, 0x0000000100000000)
  region size 1024K, 2 young (2048K), 2 survivors (2048K)
 Metaspace       used 86077K, capacity 88167K, committed 88520K, reserved 1126400K
  class space    used 11225K, capacity 12022K, committed 12108K, reserved 1048576K
}
Event: 170.479 GC heap before
{Heap before GC invocations=114 (full 0):
 garbage-first heap   total 101376K, used 85927K [0x0000000080000000, 0x0000000100000000)
  region size 1024K, 10 young (10240K), 2 survivors (2048K)
 Metaspace       used 86230K, capacity 88271K, committed 88520K, reserved 1126400K
  class space    used 11231K, capacity 12030K, committed 12108K, reserved 1048576K
}
Event: 170.488 GC heap after
{Heap after GC invocations=115 (full 0):
 garbage-first heap   total 101376K, used 79153K [0x0000000080000000, 0x0000000100000000)
  region size 1024K, 1 young (1024K), 1 survivors (1024K)
 Metaspace       used 86230K, capacity 88271K, committed 88520K, reserved 1126400K
  class space    used 11231K, capacity 12030K, committed 12108K, reserved 1048576K
}
Event: 171.472 GC heap before
{Heap before GC invocations=115 (full 0):
 garbage-first heap   total 101376K, used 87345K [0x0000000080000000, 0x0000000100000000)
  region size 1024K, 10 young (10240K), 1 survivors (1024K)
 Metaspace       used 86311K, capacity 88338K, committed 88520K, reserved 1126400K
  class space    used 11231K, capacity 12030K, committed 12108K, reserved 1048576K
}
Event: 171.586 GC heap after
{Heap after GC invocations=116 (full 0):
 garbage-first heap   total 121856K, used 79389K [0x0000000080000000, 0x0000000100000000)
  region size 1024K, 2 young (2048K), 2 survivors (2048K)
 Metaspace       used 86311K, capacity 88338K, committed 88520K, reserved 1126400K
  class space    used 11231K, capacity 12030K, committed 12108K, reserved 1048576K
}

