# JRE version: OpenJDK Runtime Environment (11.0.12+7) (build 11.0.12+7-b1504.28-7817840)
# Java VM: OpenJDK 64-Bit Server VM (11.0.12+7-b1504.28-7817840, mixed mode, tiered, compressed oops, g1 gc, windows-amd64)
Heap:
 garbage-first heap   total 57344K, used 38138K [0x0000000080000000, 0x0000000100000000)
  region size 1024K, 9 young (9216K), 1 survivors (1024K)
 Metaspace       used 47194K, capacity 48266K, committed 48432K, reserved 1091584K
  class space    used 6093K, capacity 6512K, committed 6528K, reserved 1048576K
GC Heap History (20 events):
Event: 40.374 GC heap before
{Heap before GC invocations=15 (full 0):
 garbage-first heap   total 57344K, used 39049K [0x0000000080000000, 0x0000000100000000)
  region size 1024K, 20 young (20480K), 3 survivors (3072K)
 Metaspace       used 37148K, capacity 37998K, committed 38064K, reserved 1083392K
  class space    used 4776K, capacity 5083K, committed 5120K, reserved 1048576K
}
Event: 40.388 GC heap after
{Heap after GC invocations=16 (full 0):
 garbage-first heap   total 57344K, used 25047K [0x0000000080000000, 0x0000000100000000)
  region size 1024K, 3 young (3072K), 3 survivors (3072K)
 Metaspace       used 37148K, capacity 37998K, committed 38064K, reserved 1083392K
  class space    used 4776K, capacity 5083K, committed 5120K, reserved 1048576K
}
Event: 43.139 GC heap before
{Heap before GC invocations=16 (full 0):
 garbage-first heap   total 57344K, used 41431K [0x0000000080000000, 0x0000000100000000)
  region size 1024K, 19 young (19456K), 3 survivors (3072K)
 Metaspace       used 38075K, capacity 38949K, committed 39216K, reserved 1083392K
  class space    used 4915K, capacity 5229K, committed 5248K, reserved 1048576K
}
Event: 43.151 GC heap after
{Heap after GC invocations=17 (full 0):
 garbage-first heap   total 57344K, used 26145K [0x0000000080000000, 0x0000000100000000)
  region size 1024K, 2 young (2048K), 2 survivors (2048K)
 Metaspace       used 38075K, capacity 38949K, committed 39216K, reserved 1083392K
  class space    used 4915K, capacity 5229K, committed 5248K, reserved 1048576K
}
Event: 44.033 GC heap before
{Heap before GC invocations=17 (full 0):
 garbage-first heap   total 57344K, used 32289K [0x0000000080000000, 0x0000000100000000)
  region size 1024K, 10 young (10240K), 2 survivors (2048K)
 Metaspace       used 38523K, capacity 39438K, committed 39600K, reserved 1083392K
  class space    used 4973K, capacity 5284K, committed 5376K, reserved 1048576K
}
Event: 44.039 GC heap after
{Heap after GC invocations=18 (full 0):
 garbage-first heap   total 57344K, used 27155K [0x0000000080000000, 0x0000000100000000)
  region size 1024K, 3 young (3072K), 3 survivors (3072K)
 Metaspace       used 38523K, capacity 39438K, committed 39600K, reserved 1083392K
  class space    used 4973K, capacity 5284K, committed 5376K, reserved 1048576K
}
Event: 45.575 GC heap before
{Heap before GC invocations=19 (full 0):
 garbage-first heap   total 57344K, used 45587K [0x0000000080000000, 0x0000000100000000)
  region size 1024K, 18 young (18432K), 3 survivors (3072K)
 Metaspace       used 39612K, capacity 40542K, committed 40752K, reserved 1085440K
  class space    used 5063K, capacity 5417K, committed 5504K, reserved 1048576K
}
Event: 45.584 GC heap after
{Heap after GC invocations=20 (full 0):
 garbage-first heap   total 57344K, used 27770K [0x0000000080000000, 0x0000000100000000)
  region size 1024K, 2 young (2048K), 2 survivors (2048K)
 Metaspace       used 39612K, capacity 40542K, committed 40752K, reserved 1085440K
  class space    used 5063K, capacity 5417K, committed 5504K, reserved 1048576K
}
Event: 47.260 GC heap before
{Heap before GC invocations=20 (full 0):
 garbage-first heap   total 57344K, used 43130K [0x0000000080000000, 0x0000000100000000)
  region size 1024K, 17 young (17408K), 2 survivors (2048K)
 Metaspace       used 40969K, capacity 41894K, committed 42160K, reserved 1085440K
  class space    used 5229K, capacity 5610K, committed 5632K, reserved 1048576K
}
Event: 47.271 GC heap after
{Heap after GC invocations=21 (full 0):
 garbage-first heap   total 57344K, used 28829K [0x0000000080000000, 0x0000000100000000)
  region size 1024K, 3 young (3072K), 3 survivors (3072K)
 Metaspace       used 40969K, capacity 41894K, committed 42160K, reserved 1085440K
  class space    used 5229K, capacity 5610K, committed 5632K, reserved 1048576K
}
Event: 48.719 GC heap before
{Heap before GC invocations=22 (full 0):
 garbage-first heap   total 57344K, used 44189K [0x0000000080000000, 0x0000000100000000)
  region size 1024K, 18 young (18432K), 3 survivors (3072K)
 Metaspace       used 42413K, capacity 43392K, committed 43696K, reserved 1087488K
  class space    used 5469K, capacity 5824K, committed 5888K, reserved 1048576K
}
Event: 48.728 GC heap after
{Heap after GC invocations=23 (full 0):
 garbage-first heap   total 57344K, used 29445K [0x0000000080000000, 0x0000000100000000)
  region size 1024K, 2 young (2048K), 2 survivors (2048K)
 Metaspace       used 42413K, capacity 43392K, committed 43696K, reserved 1087488K
  class space    used 5469K, capacity 5824K, committed 5888K, reserved 1048576K
}
Event: 49.240 GC heap before
{Heap before GC invocations=23 (full 0):
 garbage-first heap   total 57344K, used 34565K [0x0000000080000000, 0x0000000100000000)
  region size 1024K, 9 young (9216K), 2 survivors (2048K)
 Metaspace       used 42891K, capacity 43831K, committed 44080K, reserved 1087488K
  class space    used 5539K, capacity 5928K, committed 6016K, reserved 1048576K
}
Event: 49.251 GC heap after
{Heap after GC invocations=24 (full 0):
 garbage-first heap   total 57344K, used 30057K [0x0000000080000000, 0x0000000100000000)
  region size 1024K, 2 young (2048K), 2 survivors (2048K)
 Metaspace       used 42891K, capacity 43831K, committed 44080K, reserved 1087488K
  class space    used 5539K, capacity 5928K, committed 6016K, reserved 1048576K
}
Event: 51.361 GC heap before
{Heap before GC invocations=25 (full 0):
 garbage-first heap   total 57344K, used 44393K [0x0000000080000000, 0x0000000100000000)
  region size 1024K, 15 young (15360K), 2 survivors (2048K)
 Metaspace       used 44447K, capacity 45380K, committed 45488K, reserved 1089536K
  class space    used 5692K, capacity 6057K, committed 6144K, reserved 1048576K
}
Event: 51.374 GC heap after
{Heap after GC invocations=26 (full 0):
 garbage-first heap   total 57344K, used 30370K [0x0000000080000000, 0x0000000100000000)
  region size 1024K, 1 young (1024K), 1 survivors (1024K)
 Metaspace       used 44447K, capacity 45380K, committed 45488K, reserved 1089536K
  class space    used 5692K, capacity 6057K, committed 6144K, reserved 1048576K
}
Event: 52.320 GC heap before
{Heap before GC invocations=26 (full 0):
 garbage-first heap   total 57344K, used 44706K [0x0000000080000000, 0x0000000100000000)
  region size 1024K, 15 young (15360K), 1 survivors (1024K)
 Metaspace       used 45408K, capacity 46481K, committed 46640K, reserved 1089536K
  class space    used 5840K, capacity 6234K, committed 6272K, reserved 1048576K
}
Event: 52.327 GC heap after
{Heap after GC invocations=27 (full 0):
 garbage-first heap   total 57344K, used 30602K [0x0000000080000000, 0x0000000100000000)
  region size 1024K, 2 young (2048K), 2 survivors (2048K)
 Metaspace       used 45408K, capacity 46481K, committed 46640K, reserved 1089536K
  class space    used 5840K, capacity 6234K, committed 6272K, reserved 1048576K
}
Event: 53.438 GC heap before
{Heap before GC invocations=28 (full 0):
 garbage-first heap   total 57344K, used 44938K [0x0000000080000000, 0x0000000100000000)
  region size 1024K, 16 young (16384K), 2 survivors (2048K)
 Metaspace       used 46534K, capacity 47538K, committed 47792K, reserved 1091584K
  class space    used 5996K, capacity 6373K, committed 6400K, reserved 1048576K
}
Event: 53.445 GC heap after
{Heap after GC invocations=29 (full 0):
 garbage-first heap   total 57344K, used 30970K [0x0000000080000000, 0x0000000100000000)
  region size 1024K, 1 young (1024K), 1 survivors (1024K)
 Metaspace       used 46534K, capacity 47538K, committed 47792K, reserved 1091584K
  class space    used 5996K, capacity 6373K, committed 6400K, reserved 1048576K
}

