# JRE version: OpenJDK Runtime Environment (11.0.12+7) (build 11.0.12+7-b1504.28-7817840)
# Java VM: OpenJDK 64-Bit Server VM (11.0.12+7-b1504.28-7817840, mixed mode, tiered, compressed oops, g1 gc, windows-amd64)
Heap:
 garbage-first heap   total 57344K, used 40279K [0x0000000080000000, 0x0000000100000000)
  region size 1024K, 22 young (22528K), 3 survivors (3072K)
 Metaspace       used 37207K, capacity 38097K, committed 38344K, reserved 1083392K
  class space    used 4778K, capacity 5115K, committed 5196K, reserved 1048576K
GC Heap History (20 events):
Event: 60.789 GC heap before
{Heap before GC invocations=3 (full 0):
 garbage-first heap   total 57344K, used 31574K [0x0000000080000000, 0x0000000100000000)
  region size 1024K, 22 young (22528K), 1 survivors (1024K)
 Metaspace       used 11415K, capacity 11768K, committed 11904K, reserved 1060864K
  class space    used 1191K, capacity 1284K, committed 1408K, reserved 1048576K
}
Event: 60.798 GC heap after
{Heap after GC invocations=4 (full 0):
 garbage-first heap   total 57344K, used 13842K [0x0000000080000000, 0x0000000100000000)
  region size 1024K, 3 young (3072K), 3 survivors (3072K)
 Metaspace       used 11415K, capacity 11768K, committed 11904K, reserved 1060864K
  class space    used 1191K, capacity 1284K, committed 1408K, reserved 1048576K
}
Event: 68.073 GC heap before
{Heap before GC invocations=4 (full 0):
 garbage-first heap   total 57344K, used 35346K [0x0000000080000000, 0x0000000100000000)
  region size 1024K, 24 young (24576K), 3 survivors (3072K)
 Metaspace       used 16630K, capacity 17018K, committed 17152K, reserved 1064960K
  class space    used 1911K, capacity 2036K, committed 2048K, reserved 1048576K
}
Event: 68.163 GC heap after
{Heap after GC invocations=5 (full 0):
 garbage-first heap   total 57344K, used 16404K [0x0000000080000000, 0x0000000100000000)
  region size 1024K, 2 young (2048K), 2 survivors (2048K)
 Metaspace       used 16630K, capacity 17018K, committed 17152K, reserved 1064960K
  class space    used 1911K, capacity 2036K, committed 2048K, reserved 1048576K
}
Event: 71.014 GC heap before
{Heap before GC invocations=5 (full 0):
 garbage-first heap   total 57344K, used 37908K [0x0000000080000000, 0x0000000100000000)
  region size 1024K, 23 young (23552K), 2 survivors (2048K)
 Metaspace       used 19110K, capacity 19474K, committed 19584K, reserved 1067008K
  class space    used 2310K, capacity 2409K, committed 2432K, reserved 1048576K
}
Event: 71.027 GC heap after
{Heap after GC invocations=6 (full 0):
 garbage-first heap   total 57344K, used 17251K [0x0000000080000000, 0x0000000100000000)
  region size 1024K, 1 young (1024K), 1 survivors (1024K)
 Metaspace       used 19110K, capacity 19474K, committed 19584K, reserved 1067008K
  class space    used 2310K, capacity 2409K, committed 2432K, reserved 1048576K
}
Event: 73.543 GC heap before
{Heap before GC invocations=6 (full 0):
 garbage-first heap   total 57344K, used 29539K [0x0000000080000000, 0x0000000100000000)
  region size 1024K, 15 young (15360K), 1 survivors (1024K)
 Metaspace       used 20710K, capacity 21181K, committed 21296K, reserved 1069056K
  class space    used 2538K, capacity 2680K, committed 2688K, reserved 1048576K
}
Event: 73.551 GC heap after
{Heap after GC invocations=7 (full 0):
 garbage-first heap   total 57344K, used 17675K [0x0000000080000000, 0x0000000100000000)
  region size 1024K, 2 young (2048K), 2 survivors (2048K)
 Metaspace       used 20710K, capacity 21181K, committed 21296K, reserved 1069056K
  class space    used 2538K, capacity 2680K, committed 2688K, reserved 1048576K
}
Event: 75.115 GC heap before
{Heap before GC invocations=8 (full 0):
 garbage-first heap   total 57344K, used 38155K [0x0000000080000000, 0x0000000100000000)
  region size 1024K, 22 young (22528K), 2 survivors (2048K)
 Metaspace       used 22871K, capacity 23376K, committed 23472K, reserved 1069056K
  class space    used 2876K, capacity 3034K, committed 3072K, reserved 1048576K
}
Event: 75.120 GC heap after
{Heap after GC invocations=9 (full 0):
 garbage-first heap   total 57344K, used 18261K [0x0000000080000000, 0x0000000100000000)
  region size 1024K, 2 young (2048K), 2 survivors (2048K)
 Metaspace       used 22871K, capacity 23376K, committed 23472K, reserved 1069056K
  class space    used 2876K, capacity 3034K, committed 3072K, reserved 1048576K
}
Event: 77.857 GC heap before
{Heap before GC invocations=9 (full 0):
 garbage-first heap   total 57344K, used 38741K [0x0000000080000000, 0x0000000100000000)
  region size 1024K, 22 young (22528K), 2 survivors (2048K)
 Metaspace       used 24891K, capacity 25526K, committed 25648K, reserved 1071104K
  class space    used 3175K, capacity 3388K, committed 3456K, reserved 1048576K
}
Event: 77.864 GC heap after
{Heap after GC invocations=10 (full 0):
 garbage-first heap   total 57344K, used 19020K [0x0000000080000000, 0x0000000100000000)
  region size 1024K, 2 young (2048K), 2 survivors (2048K)
 Metaspace       used 24891K, capacity 25526K, committed 25648K, reserved 1071104K
  class space    used 3175K, capacity 3388K, committed 3456K, reserved 1048576K
}
Event: 80.237 GC heap before
{Heap before GC invocations=10 (full 0):
 garbage-first heap   total 57344K, used 39500K [0x0000000080000000, 0x0000000100000000)
  region size 1024K, 22 young (22528K), 2 survivors (2048K)
 Metaspace       used 27191K, capacity 27802K, committed 28080K, reserved 1073152K
  class space    used 3544K, capacity 3769K, committed 3840K, reserved 1048576K
}
Event: 80.246 GC heap after
{Heap after GC invocations=11 (full 0):
 garbage-first heap   total 57344K, used 20033K [0x0000000080000000, 0x0000000100000000)
  region size 1024K, 3 young (3072K), 3 survivors (3072K)
 Metaspace       used 27191K, capacity 27802K, committed 28080K, reserved 1073152K
  class space    used 3544K, capacity 3769K, committed 3840K, reserved 1048576K
}
Event: 82.720 GC heap before
{Heap before GC invocations=11 (full 0):
 garbage-first heap   total 57344K, used 40513K [0x0000000080000000, 0x0000000100000000)
  region size 1024K, 23 young (23552K), 3 survivors (3072K)
 Metaspace       used 29085K, capacity 29764K, committed 29872K, reserved 1075200K
  class space    used 3836K, capacity 4063K, committed 4096K, reserved 1048576K
}
Event: 82.730 GC heap after
{Heap after GC invocations=12 (full 0):
 garbage-first heap   total 57344K, used 20626K [0x0000000080000000, 0x0000000100000000)
  region size 1024K, 2 young (2048K), 2 survivors (2048K)
 Metaspace       used 29085K, capacity 29764K, committed 29872K, reserved 1075200K
  class space    used 3836K, capacity 4063K, committed 4096K, reserved 1048576K
}
Event: 85.021 GC heap before
{Heap before GC invocations=12 (full 0):
 garbage-first heap   total 57344K, used 42130K [0x0000000080000000, 0x0000000100000000)
  region size 1024K, 23 young (23552K), 2 survivors (2048K)
 Metaspace       used 31720K, capacity 32503K, committed 32688K, reserved 1077248K
  class space    used 4234K, capacity 4507K, committed 4608K, reserved 1048576K
}
Event: 85.029 GC heap after
{Heap after GC invocations=13 (full 0):
 garbage-first heap   total 57344K, used 21638K [0x0000000080000000, 0x0000000100000000)
  region size 1024K, 2 young (2048K), 2 survivors (2048K)
 Metaspace       used 31720K, capacity 32503K, committed 32688K, reserved 1077248K
  class space    used 4234K, capacity 4507K, committed 4608K, reserved 1048576K
}
Event: 86.751 GC heap before
{Heap before GC invocations=13 (full 0):
 garbage-first heap   total 57344K, used 27782K [0x0000000080000000, 0x0000000100000000)
  region size 1024K, 10 young (10240K), 2 survivors (2048K)
 Metaspace       used 34897K, capacity 35665K, committed 35708K, reserved 1081344K
  class space    used 4513K, capacity 4839K, committed 4864K, reserved 1048576K
}
Event: 86.765 GC heap after
{Heap after GC invocations=14 (full 0):
 garbage-first heap   total 57344K, used 22871K [0x0000000080000000, 0x0000000100000000)
  region size 1024K, 3 young (3072K), 3 survivors (3072K)
 Metaspace       used 34897K, capacity 35665K, committed 35708K, reserved 1081344K
  class space    used 4513K, capacity 4839K, committed 4864K, reserved 1048576K
}

