# JRE version: OpenJDK Runtime Environment (11.0.12+7) (build 11.0.12+7-b1504.28-7817840)
# Java VM: OpenJDK 64-Bit Server VM (11.0.12+7-b1504.28-7817840, mixed mode, tiered, compressed oops, g1 gc, windows-amd64)
Heap:
 garbage-first heap   total 145408K, used 84422K [0x0000000080000000, 0x0000000100000000)
  region size 1024K, 11 young (11264K), 2 survivors (2048K)
 Metaspace       used 85728K, capacity 87902K, committed 88060K, reserved 1126400K
  class space    used 11233K, capacity 12074K, committed 12108K, reserved 1048576K
GC Heap History (20 events):
Event: 103.563 GC heap before
{Heap before GC invocations=63 (full 0):
 garbage-first heap   total 120832K, used 65789K [0x0000000080000000, 0x0000000100000000)
  region size 1024K, 13 young (13312K), 4 survivors (4096K)
 Metaspace       used 64865K, capacity 66284K, committed 66428K, reserved 1107968K
  class space    used 8235K, capacity 8792K, committed 8908K, reserved 1048576K
}
Event: 103.584 GC heap after
{Heap after GC invocations=64 (full 0):
 garbage-first heap   total 120832K, used 58336K [0x0000000080000000, 0x0000000100000000)
  region size 1024K, 3 young (3072K), 3 survivors (3072K)
 Metaspace       used 64865K, capacity 66284K, committed 66428K, reserved 1107968K
  class space    used 8235K, capacity 8792K, committed 8908K, reserved 1048576K
}
Event: 105.405 GC heap before
{Heap before GC invocations=65 (full 0):
 garbage-first heap   total 120832K, used 88032K [0x0000000080000000, 0x0000000100000000)
  region size 1024K, 31 young (31744K), 3 survivors (3072K)
 Metaspace       used 67754K, capacity 69223K, committed 69244K, reserved 1110016K
  class space    used 8598K, capacity 9145K, committed 9164K, reserved 1048576K
}
Event: 105.423 GC heap after
{Heap after GC invocations=66 (full 0):
 garbage-first heap   total 120832K, used 59387K [0x0000000080000000, 0x0000000100000000)
  region size 1024K, 2 young (2048K), 2 survivors (2048K)
 Metaspace       used 67754K, capacity 69223K, committed 69244K, reserved 1110016K
  class space    used 8598K, capacity 9145K, committed 9164K, reserved 1048576K
}
Event: 106.027 GC heap before
{Heap before GC invocations=66 (full 0):
 garbage-first heap   total 120832K, used 89083K [0x0000000080000000, 0x0000000100000000)
  region size 1024K, 31 young (31744K), 2 survivors (2048K)
 Metaspace       used 68006K, capacity 69599K, committed 69884K, reserved 1110016K
  class space    used 8649K, capacity 9249K, committed 9292K, reserved 1048576K
}
Event: 106.044 GC heap after
{Heap after GC invocations=67 (full 0):
 garbage-first heap   total 120832K, used 62014K [0x0000000080000000, 0x0000000100000000)
  region size 1024K, 4 young (4096K), 4 survivors (4096K)
 Metaspace       used 68006K, capacity 69599K, committed 69884K, reserved 1110016K
  class space    used 8649K, capacity 9249K, committed 9292K, reserved 1048576K
}
Event: 107.452 GC heap before
{Heap before GC invocations=68 (full 0):
 garbage-first heap   total 120832K, used 91710K [0x0000000080000000, 0x0000000100000000)
  region size 1024K, 33 young (33792K), 4 survivors (4096K)
 Metaspace       used 70363K, capacity 71887K, committed 72060K, reserved 1112064K
  class space    used 8984K, capacity 9541K, committed 9676K, reserved 1048576K
}
Event: 107.474 GC heap after
{Heap after GC invocations=69 (full 0):
 garbage-first heap   total 120832K, used 64391K [0x0000000080000000, 0x0000000100000000)
  region size 1024K, 5 young (5120K), 5 survivors (5120K)
 Metaspace       used 70363K, capacity 71887K, committed 72060K, reserved 1112064K
  class space    used 8984K, capacity 9541K, committed 9676K, reserved 1048576K
}
Event: 109.132 GC heap before
{Heap before GC invocations=69 (full 0):
 garbage-first heap   total 120832K, used 94087K [0x0000000080000000, 0x0000000100000000)
  region size 1024K, 34 young (34816K), 5 survivors (5120K)
 Metaspace       used 73845K, capacity 75359K, committed 75644K, reserved 1114112K
  class space    used 9573K, capacity 10139K, committed 10188K, reserved 1048576K
}
Event: 109.155 GC heap after
{Heap after GC invocations=70 (full 0):
 garbage-first heap   total 120832K, used 66153K [0x0000000080000000, 0x0000000100000000)
  region size 1024K, 4 young (4096K), 4 survivors (4096K)
 Metaspace       used 73845K, capacity 75359K, committed 75644K, reserved 1114112K
  class space    used 9573K, capacity 10139K, committed 10188K, reserved 1048576K
}
Event: 112.547 GC heap before
{Heap before GC invocations=71 (full 0):
 garbage-first heap   total 120832K, used 95849K [0x0000000080000000, 0x0000000100000000)
  region size 1024K, 33 young (33792K), 4 survivors (4096K)
 Metaspace       used 76222K, capacity 77967K, committed 78076K, reserved 1116160K
  class space    used 9911K, capacity 10548K, committed 10572K, reserved 1048576K
}
Event: 112.602 GC heap after
{Heap after GC invocations=72 (full 0):
 garbage-first heap   total 120832K, used 68245K [0x0000000080000000, 0x0000000100000000)
  region size 1024K, 4 young (4096K), 4 survivors (4096K)
 Metaspace       used 76222K, capacity 77967K, committed 78076K, reserved 1116160K
  class space    used 9911K, capacity 10548K, committed 10572K, reserved 1048576K
}
Event: 114.481 GC heap before
{Heap before GC invocations=72 (full 0):
 garbage-first heap   total 120832K, used 97941K [0x0000000080000000, 0x0000000100000000)
  region size 1024K, 33 young (33792K), 4 survivors (4096K)
 Metaspace       used 79169K, capacity 80892K, committed 81148K, reserved 1120256K
  class space    used 10363K, capacity 11020K, committed 11084K, reserved 1048576K
}
Event: 114.511 GC heap after
{Heap after GC invocations=73 (full 0):
 garbage-first heap   total 120832K, used 69805K [0x0000000080000000, 0x0000000100000000)
  region size 1024K, 4 young (4096K), 4 survivors (4096K)
 Metaspace       used 79169K, capacity 80892K, committed 81148K, reserved 1120256K
  class space    used 10363K, capacity 11020K, committed 11084K, reserved 1048576K
}
Event: 116.556 GC heap before
{Heap before GC invocations=74 (full 0):
 garbage-first heap   total 120832K, used 98477K [0x0000000080000000, 0x0000000100000000)
  region size 1024K, 32 young (32768K), 4 survivors (4096K)
 Metaspace       used 82334K, capacity 84116K, committed 84348K, reserved 1122304K
  class space    used 10732K, capacity 11405K, committed 11468K, reserved 1048576K
}
Event: 116.589 GC heap after
{Heap after GC invocations=75 (full 0):
 garbage-first heap   total 120832K, used 72046K [0x0000000080000000, 0x0000000100000000)
  region size 1024K, 4 young (4096K), 4 survivors (4096K)
 Metaspace       used 82334K, capacity 84116K, committed 84348K, reserved 1122304K
  class space    used 10732K, capacity 11405K, committed 11468K, reserved 1048576K
}
Event: 120.664 GC heap before
{Heap before GC invocations=75 (full 0):
 garbage-first heap   total 120832K, used 100718K [0x0000000080000000, 0x0000000100000000)
  region size 1024K, 32 young (32768K), 4 survivors (4096K)
 Metaspace       used 84404K, capacity 86305K, committed 86524K, reserved 1124352K
  class space    used 11051K, capacity 11786K, committed 11852K, reserved 1048576K
}
Event: 120.722 GC heap after
{Heap after GC invocations=76 (full 0):
 garbage-first heap   total 120832K, used 75102K [0x0000000080000000, 0x0000000100000000)
  region size 1024K, 4 young (4096K), 4 survivors (4096K)
 Metaspace       used 84404K, capacity 86305K, committed 86524K, reserved 1124352K
  class space    used 11051K, capacity 11786K, committed 11852K, reserved 1048576K
}
Event: 123.579 GC heap before
{Heap before GC invocations=77 (full 0):
 garbage-first heap   total 120832K, used 99678K [0x0000000080000000, 0x0000000100000000)
  region size 1024K, 29 young (29696K), 4 survivors (4096K)
 Metaspace       used 85637K, capacity 87833K, committed 88060K, reserved 1126400K
  class space    used 11233K, capacity 12074K, committed 12108K, reserved 1048576K
}
Event: 123.611 GC heap after
{Heap after GC invocations=78 (full 0):
 garbage-first heap   total 145408K, used 76230K [0x0000000080000000, 0x0000000100000000)
  region size 1024K, 2 young (2048K), 2 survivors (2048K)
 Metaspace       used 85637K, capacity 87833K, committed 88060K, reserved 1126400K
  class space    used 11233K, capacity 12074K, committed 12108K, reserved 1048576K
}

