# JRE version: OpenJDK Runtime Environment (11.0.12+7) (build 11.0.12+7-b1504.28-7817840)
# Java VM: OpenJDK 64-Bit Server VM (11.0.12+7-b1504.28-7817840, mixed mode, tiered, compressed oops, g1 gc, windows-amd64)
Heap:
 garbage-first heap   total 126976K, used 99885K [0x0000000080000000, 0x0000000100000000)
  region size 1024K, 10 young (10240K), 2 survivors (2048K)
 Metaspace       used 95608K, capacity 97802K, committed 98044K, reserved 1134592K
  class space    used 12224K, capacity 13055K, committed 13132K, reserved 1048576K
GC Heap History (20 events):
Event: 242.213 GC heap before
{Heap before GC invocations=167 (full 0):
 garbage-first heap   total 126976K, used 115144K [0x0000000080000000, 0x0000000100000000)
  region size 1024K, 6 young (6144K), 1 survivors (1024K)
 Metaspace       used 92312K, capacity 94370K, committed 94588K, reserved 1130496K
  class space    used 11882K, capacity 12694K, committed 12748K, reserved 1048576K
}
Event: 242.220 GC heap after
{Heap after GC invocations=168 (full 0):
 garbage-first heap   total 126976K, used 110233K [0x0000000080000000, 0x0000000100000000)
  region size 1024K, 1 young (1024K), 1 survivors (1024K)
 Metaspace       used 92312K, capacity 94370K, committed 94588K, reserved 1130496K
  class space    used 11882K, capacity 12694K, committed 12748K, reserved 1048576K
}
Event: 244.196 GC heap before
{Heap before GC invocations=169 (full 0):
 garbage-first heap   total 126976K, used 102041K [0x0000000080000000, 0x0000000100000000)
  region size 1024K, 6 young (6144K), 1 survivors (1024K)
 Metaspace       used 93123K, capacity 95256K, committed 95484K, reserved 1132544K
  class space    used 11965K, capacity 12795K, committed 12876K, reserved 1048576K
}
Event: 244.202 GC heap after
{Heap after GC invocations=170 (full 0):
 garbage-first heap   total 126976K, used 97852K [0x0000000080000000, 0x0000000100000000)
  region size 1024K, 1 young (1024K), 1 survivors (1024K)
 Metaspace       used 93123K, capacity 95256K, committed 95484K, reserved 1132544K
  class space    used 11965K, capacity 12795K, committed 12876K, reserved 1048576K
}
Event: 245.750 GC heap before
{Heap before GC invocations=170 (full 0):
 garbage-first heap   total 126976K, used 101948K [0x0000000080000000, 0x0000000100000000)
  region size 1024K, 6 young (6144K), 1 survivors (1024K)
 Metaspace       used 93494K, capacity 95572K, committed 95740K, reserved 1132544K
  class space    used 12011K, capacity 12809K, committed 12876K, reserved 1048576K
}
Event: 245.764 GC heap after
{Heap after GC invocations=171 (full 0):
 garbage-first heap   total 126976K, used 85692K [0x0000000080000000, 0x0000000100000000)
  region size 1024K, 1 young (1024K), 1 survivors (1024K)
 Metaspace       used 93494K, capacity 95572K, committed 95740K, reserved 1132544K
  class space    used 12011K, capacity 12809K, committed 12876K, reserved 1048576K
}
Event: 246.763 GC heap before
{Heap before GC invocations=171 (full 0):
 garbage-first heap   total 126976K, used 89788K [0x0000000080000000, 0x0000000100000000)
  region size 1024K, 6 young (6144K), 1 survivors (1024K)
 Metaspace       used 93773K, capacity 95863K, committed 95996K, reserved 1132544K
  class space    used 12042K, capacity 12842K, committed 12876K, reserved 1048576K
}
Event: 246.771 GC heap after
{Heap after GC invocations=172 (full 0):
 garbage-first heap   total 126976K, used 85593K [0x0000000080000000, 0x0000000100000000)
  region size 1024K, 1 young (1024K), 1 survivors (1024K)
 Metaspace       used 93773K, capacity 95863K, committed 95996K, reserved 1132544K
  class space    used 12042K, capacity 12842K, committed 12876K, reserved 1048576K
}
Event: 249.775 GC heap before
{Heap before GC invocations=172 (full 0):
 garbage-first heap   total 126976K, used 97881K [0x0000000080000000, 0x0000000100000000)
  region size 1024K, 14 young (14336K), 1 survivors (1024K)
 Metaspace       used 94138K, capacity 96180K, committed 96380K, reserved 1132544K
  class space    used 12084K, capacity 12878K, committed 13004K, reserved 1048576K
}
Event: 249.791 GC heap after
{Heap after GC invocations=173 (full 0):
 garbage-first heap   total 126976K, used 86426K [0x0000000080000000, 0x0000000100000000)
  region size 1024K, 2 young (2048K), 2 survivors (2048K)
 Metaspace       used 94138K, capacity 96180K, committed 96380K, reserved 1132544K
  class space    used 12084K, capacity 12878K, committed 13004K, reserved 1048576K
}
Event: 251.936 GC heap before
{Heap before GC invocations=173 (full 0):
 garbage-first heap   total 126976K, used 99738K [0x0000000080000000, 0x0000000100000000)
  region size 1024K, 16 young (16384K), 2 survivors (2048K)
 Metaspace       used 94294K, capacity 96396K, committed 96636K, reserved 1132544K
  class space    used 12089K, capacity 12879K, committed 13004K, reserved 1048576K
}
Event: 251.951 GC heap after
{Heap after GC invocations=174 (full 0):
 garbage-first heap   total 126976K, used 87391K [0x0000000080000000, 0x0000000100000000)
  region size 1024K, 2 young (2048K), 2 survivors (2048K)
 Metaspace       used 94294K, capacity 96396K, committed 96636K, reserved 1132544K
  class space    used 12089K, capacity 12879K, committed 13004K, reserved 1048576K
}
Event: 256.637 GC heap before
{Heap before GC invocations=174 (full 0):
 garbage-first heap   total 126976K, used 100703K [0x0000000080000000, 0x0000000100000000)
  region size 1024K, 16 young (16384K), 2 survivors (2048K)
 Metaspace       used 94419K, capacity 96478K, committed 96636K, reserved 1132544K
  class space    used 12093K, capacity 12879K, committed 13004K, reserved 1048576K
}
Event: 256.659 GC heap after
{Heap after GC invocations=175 (full 0):
 garbage-first heap   total 126976K, used 88199K [0x0000000080000000, 0x0000000100000000)
  region size 1024K, 2 young (2048K), 2 survivors (2048K)
 Metaspace       used 94419K, capacity 96478K, committed 96636K, reserved 1132544K
  class space    used 12093K, capacity 12879K, committed 13004K, reserved 1048576K
}
Event: 260.243 GC heap before
{Heap before GC invocations=175 (full 0):
 garbage-first heap   total 126976K, used 101511K [0x0000000080000000, 0x0000000100000000)
  region size 1024K, 16 young (16384K), 2 survivors (2048K)
 Metaspace       used 94435K, capacity 96542K, committed 96892K, reserved 1132544K
  class space    used 12093K, capacity 12879K, committed 13004K, reserved 1048576K
}
Event: 260.255 GC heap after
{Heap after GC invocations=176 (full 0):
 garbage-first heap   total 126976K, used 88759K [0x0000000080000000, 0x0000000100000000)
  region size 1024K, 2 young (2048K), 2 survivors (2048K)
 Metaspace       used 94435K, capacity 96542K, committed 96892K, reserved 1132544K
  class space    used 12093K, capacity 12879K, committed 13004K, reserved 1048576K
}
Event: 264.542 GC heap before
{Heap before GC invocations=176 (full 0):
 garbage-first heap   total 126976K, used 102071K [0x0000000080000000, 0x0000000100000000)
  region size 1024K, 16 young (16384K), 2 survivors (2048K)
 Metaspace       used 94616K, capacity 96674K, committed 96892K, reserved 1132544K
  class space    used 12114K, capacity 12943K, committed 13004K, reserved 1048576K
}
Event: 264.573 GC heap after
{Heap after GC invocations=177 (full 0):
 garbage-first heap   total 126976K, used 91656K [0x0000000080000000, 0x0000000100000000)
  region size 1024K, 2 young (2048K), 2 survivors (2048K)
 Metaspace       used 94616K, capacity 96674K, committed 96892K, reserved 1132544K
  class space    used 12114K, capacity 12943K, committed 13004K, reserved 1048576K
}
Event: 277.514 GC heap before
{Heap before GC invocations=177 (full 0):
 garbage-first heap   total 126976K, used 103944K [0x0000000080000000, 0x0000000100000000)
  region size 1024K, 15 young (15360K), 2 survivors (2048K)
 Metaspace       used 95462K, capacity 97532K, committed 97788K, reserved 1134592K
  class space    used 12206K, capacity 13015K, committed 13132K, reserved 1048576K
}
Event: 277.608 GC heap after
{Heap after GC invocations=178 (full 0):
 garbage-first heap   total 126976K, used 93741K [0x0000000080000000, 0x0000000100000000)
  region size 1024K, 2 young (2048K), 2 survivors (2048K)
 Metaspace       used 95462K, capacity 97532K, committed 97788K, reserved 1134592K
  class space    used 12206K, capacity 13015K, committed 13132K, reserved 1048576K
}

