# JRE version: OpenJDK Runtime Environment (11.0.12+7) (build 11.0.12+7-b1504.28-7817840)
# Java VM: OpenJDK 64-Bit Server VM (11.0.12+7-b1504.28-7817840, mixed mode, tiered, compressed oops, g1 gc, windows-amd64)
Heap:
 garbage-first heap   total 146432K, used 84028K [0x0000000080000000, 0x0000000100000000)
  region size 1024K, 7 young (7168K), 1 survivors (1024K)
 Metaspace       used 54812K, capacity 56345K, committed 56704K, reserved 1097728K
  class space    used 7148K, capacity 7698K, committed 7808K, reserved 1048576K
GC Heap History (20 events):
Event: 23.732 GC heap before
{Heap before GC invocations=37 (full 0):
 garbage-first heap   total 83968K, used 62739K [0x0000000080000000, 0x0000000100000000)
  region size 1024K, 13 young (13312K), 2 survivors (2048K)
 Metaspace       used 46713K, capacity 47921K, committed 48128K, reserved 1091584K
  class space    used 5934K, capacity 6372K, committed 6400K, reserved 1048576K
}
Event: 23.741 GC heap after
{Heap after GC invocations=38 (full 0):
 garbage-first heap   total 83968K, used 52352K [0x0000000080000000, 0x0000000100000000)
  region size 1024K, 2 young (2048K), 2 survivors (2048K)
 Metaspace       used 46713K, capacity 47921K, committed 48128K, reserved 1091584K
  class space    used 5934K, capacity 6372K, committed 6400K, reserved 1048576K
}
Event: 24.328 GC heap before
{Heap before GC invocations=39 (full 0):
 garbage-first heap   total 83968K, used 64640K [0x0000000080000000, 0x0000000100000000)
  region size 1024K, 14 young (14336K), 2 survivors (2048K)
 Metaspace       used 47621K, capacity 48907K, committed 49152K, reserved 1091584K
  class space    used 6085K, capacity 6552K, committed 6656K, reserved 1048576K
}
Event: 24.336 GC heap after
{Heap after GC invocations=40 (full 0):
 garbage-first heap   total 101376K, used 53117K [0x0000000080000000, 0x0000000100000000)
  region size 1024K, 2 young (2048K), 2 survivors (2048K)
 Metaspace       used 47621K, capacity 48907K, committed 49152K, reserved 1091584K
  class space    used 6085K, capacity 6552K, committed 6656K, reserved 1048576K
}
Event: 24.430 GC heap before
{Heap before GC invocations=40 (full 0):
 garbage-first heap   total 101376K, used 55165K [0x0000000080000000, 0x0000000100000000)
  region size 1024K, 5 young (5120K), 2 survivors (2048K)
 Metaspace       used 47822K, capacity 49081K, committed 49152K, reserved 1091584K
  class space    used 6118K, capacity 6589K, committed 6656K, reserved 1048576K
}
Event: 24.438 GC heap after
{Heap after GC invocations=41 (full 0):
 garbage-first heap   total 101376K, used 53246K [0x0000000080000000, 0x0000000100000000)
  region size 1024K, 2 young (2048K), 2 survivors (2048K)
 Metaspace       used 47822K, capacity 49081K, committed 49152K, reserved 1091584K
  class space    used 6118K, capacity 6589K, committed 6656K, reserved 1048576K
}
Event: 25.519 GC heap before
{Heap before GC invocations=42 (full 0):
 garbage-first heap   total 101376K, used 76798K [0x0000000080000000, 0x0000000100000000)
  region size 1024K, 21 young (21504K), 2 survivors (2048K)
 Metaspace       used 49220K, capacity 50578K, committed 50688K, reserved 1093632K
  class space    used 6356K, capacity 6832K, committed 6912K, reserved 1048576K
}
Event: 25.528 GC heap after
{Heap after GC invocations=43 (full 0):
 garbage-first heap   total 101376K, used 58648K [0x0000000080000000, 0x0000000100000000)
  region size 1024K, 3 young (3072K), 3 survivors (3072K)
 Metaspace       used 49220K, capacity 50578K, committed 50688K, reserved 1093632K
  class space    used 6356K, capacity 6832K, committed 6912K, reserved 1048576K
}
Event: 26.116 GC heap before
{Heap before GC invocations=43 (full 0):
 garbage-first heap   total 101376K, used 76056K [0x0000000080000000, 0x0000000100000000)
  region size 1024K, 20 young (20480K), 3 survivors (3072K)
 Metaspace       used 50424K, capacity 51864K, committed 52096K, reserved 1093632K
  class space    used 6532K, capacity 7025K, committed 7040K, reserved 1048576K
}
Event: 26.128 GC heap after
{Heap after GC invocations=44 (full 0):
 garbage-first heap   total 101376K, used 59380K [0x0000000080000000, 0x0000000100000000)
  region size 1024K, 3 young (3072K), 3 survivors (3072K)
 Metaspace       used 50424K, capacity 51864K, committed 52096K, reserved 1093632K
  class space    used 6532K, capacity 7025K, committed 7040K, reserved 1048576K
}
Event: 27.496 GC heap before
{Heap before GC invocations=45 (full 0):
 garbage-first heap   total 101376K, used 77812K [0x0000000080000000, 0x0000000100000000)
  region size 1024K, 22 young (22528K), 3 survivors (3072K)
 Metaspace       used 51324K, capacity 52817K, committed 52992K, reserved 1095680K
  class space    used 6622K, capacity 7146K, committed 7168K, reserved 1048576K
}
Event: 27.509 GC heap after
{Heap after GC invocations=46 (full 0):
 garbage-first heap   total 121856K, used 61098K [0x0000000080000000, 0x0000000100000000)
  region size 1024K, 2 young (2048K), 2 survivors (2048K)
 Metaspace       used 51324K, capacity 52817K, committed 52992K, reserved 1095680K
  class space    used 6622K, capacity 7146K, committed 7168K, reserved 1048576K
}
Event: 28.816 GC heap before
{Heap before GC invocations=46 (full 0):
 garbage-first heap   total 121856K, used 77482K [0x0000000080000000, 0x0000000100000000)
  region size 1024K, 20 young (20480K), 2 survivors (2048K)
 Metaspace       used 51783K, capacity 53280K, committed 53632K, reserved 1095680K
  class space    used 6658K, capacity 7187K, committed 7296K, reserved 1048576K
}
Event: 28.828 GC heap after
{Heap after GC invocations=47 (full 0):
 garbage-first heap   total 121856K, used 61923K [0x0000000080000000, 0x0000000100000000)
  region size 1024K, 3 young (3072K), 3 survivors (3072K)
 Metaspace       used 51783K, capacity 53280K, committed 53632K, reserved 1095680K
  class space    used 6658K, capacity 7187K, committed 7296K, reserved 1048576K
}
Event: 29.267 GC heap before
{Heap before GC invocations=48 (full 0):
 garbage-first heap   total 121856K, used 68067K [0x0000000080000000, 0x0000000100000000)
  region size 1024K, 8 young (8192K), 3 survivors (3072K)
 Metaspace       used 51788K, capacity 53280K, committed 53632K, reserved 1095680K
  class space    used 6658K, capacity 7187K, committed 7296K, reserved 1048576K
}
Event: 29.284 GC heap after
{Heap after GC invocations=49 (full 0):
 garbage-first heap   total 121856K, used 68169K [0x0000000080000000, 0x0000000100000000)
  region size 1024K, 4 young (4096K), 4 survivors (4096K)
 Metaspace       used 51788K, capacity 53280K, committed 53632K, reserved 1095680K
  class space    used 6658K, capacity 7187K, committed 7296K, reserved 1048576K
}
Event: 30.539 GC heap before
{Heap before GC invocations=50 (full 0):
 garbage-first heap   total 121856K, used 93769K [0x0000000080000000, 0x0000000100000000)
  region size 1024K, 25 young (25600K), 4 survivors (4096K)
 Metaspace       used 54145K, capacity 55624K, committed 55808K, reserved 1097728K
  class space    used 7085K, capacity 7628K, committed 7680K, reserved 1048576K
}
Event: 30.549 GC heap after
{Heap after GC invocations=51 (full 0):
 garbage-first heap   total 121856K, used 77824K [0x0000000080000000, 0x0000000100000000)
  region size 1024K, 4 young (4096K), 4 survivors (4096K)
 Metaspace       used 54145K, capacity 55624K, committed 55808K, reserved 1097728K
  class space    used 7085K, capacity 7628K, committed 7680K, reserved 1048576K
}
Event: 31.174 GC heap before
{Heap before GC invocations=51 (full 0):
 garbage-first heap   total 121856K, used 95232K [0x0000000080000000, 0x0000000100000000)
  region size 1024K, 21 young (21504K), 4 survivors (4096K)
 Metaspace       used 54705K, capacity 56211K, committed 56448K, reserved 1097728K
  class space    used 7137K, capacity 7696K, committed 7808K, reserved 1048576K
}
Event: 31.188 GC heap after
{Heap after GC invocations=52 (full 0):
 garbage-first heap   total 146432K, used 78908K [0x0000000080000000, 0x0000000100000000)
  region size 1024K, 1 young (1024K), 1 survivors (1024K)
 Metaspace       used 54705K, capacity 56211K, committed 56448K, reserved 1097728K
  class space    used 7137K, capacity 7696K, committed 7808K, reserved 1048576K
}

