# JRE version: OpenJDK Runtime Environment (11.0.12+7) (build 11.0.12+7-b1504.28-7817840)
# Java VM: OpenJDK 64-Bit Server VM (11.0.12+7-b1504.28-7817840, mixed mode, tiered, compressed oops, g1 gc, windows-amd64)
Heap:
 garbage-first heap   total 146432K, used 97907K [0x0000000080000000, 0x0000000100000000)
  region size 1024K, 15 young (15360K), 2 survivors (2048K)
 Metaspace       used 98658K, capacity 100915K, committed 101064K, reserved 1136640K
  class space    used 12775K, capacity 13616K, committed 13644K, reserved 1048576K
GC Heap History (20 events):
Event: 101.330 GC heap before
{Heap before GC invocations=80 (full 0):
 garbage-first heap   total 121856K, used 91711K [0x0000000080000000, 0x0000000100000000)
  region size 1024K, 31 young (31744K), 4 survivors (4096K)
 Metaspace       used 73733K, capacity 75496K, committed 75848K, reserved 1116160K
  class space    used 9404K, capacity 10062K, committed 10188K, reserved 1048576K
}
Event: 101.366 GC heap after
{Heap after GC invocations=81 (full 0):
 garbage-first heap   total 121856K, used 66199K [0x0000000080000000, 0x0000000100000000)
  region size 1024K, 4 young (4096K), 4 survivors (4096K)
 Metaspace       used 73733K, capacity 75496K, committed 75848K, reserved 1116160K
  class space    used 9404K, capacity 10062K, committed 10188K, reserved 1048576K
}
Event: 105.213 GC heap before
{Heap before GC invocations=81 (full 0):
 garbage-first heap   total 121856K, used 93847K [0x0000000080000000, 0x0000000100000000)
  region size 1024K, 31 young (31744K), 4 survivors (4096K)
 Metaspace       used 76917K, capacity 78632K, committed 78792K, reserved 1118208K
  class space    used 9897K, capacity 10554K, committed 10572K, reserved 1048576K
}
Event: 105.241 GC heap after
{Heap after GC invocations=82 (full 0):
 garbage-first heap   total 121856K, used 68214K [0x0000000080000000, 0x0000000100000000)
  region size 1024K, 2 young (2048K), 2 survivors (2048K)
 Metaspace       used 76917K, capacity 78632K, committed 78792K, reserved 1118208K
  class space    used 9897K, capacity 10554K, committed 10572K, reserved 1048576K
}
Event: 110.743 GC heap before
{Heap before GC invocations=83 (full 0):
 garbage-first heap   total 121856K, used 95862K [0x0000000080000000, 0x0000000100000000)
  region size 1024K, 29 young (29696K), 2 survivors (2048K)
 Metaspace       used 79915K, capacity 81754K, committed 81864K, reserved 1120256K
  class space    used 10375K, capacity 11051K, committed 11084K, reserved 1048576K
}
Event: 110.760 GC heap after
{Heap after GC invocations=84 (full 0):
 garbage-first heap   total 121856K, used 69742K [0x0000000080000000, 0x0000000100000000)
  region size 1024K, 4 young (4096K), 4 survivors (4096K)
 Metaspace       used 79915K, capacity 81754K, committed 81864K, reserved 1120256K
  class space    used 10375K, capacity 11051K, committed 11084K, reserved 1048576K
}
Event: 116.830 GC heap before
{Heap before GC invocations=84 (full 0):
 garbage-first heap   total 121856K, used 97390K [0x0000000080000000, 0x0000000100000000)
  region size 1024K, 31 young (31744K), 4 survivors (4096K)
 Metaspace       used 82088K, capacity 83998K, committed 84296K, reserved 1122304K
  class space    used 10684K, capacity 11399K, committed 11468K, reserved 1048576K
}
Event: 116.904 GC heap after
{Heap after GC invocations=85 (full 0):
 garbage-first heap   total 121856K, used 71529K [0x0000000080000000, 0x0000000100000000)
  region size 1024K, 4 young (4096K), 4 survivors (4096K)
 Metaspace       used 82088K, capacity 83998K, committed 84296K, reserved 1122304K
  class space    used 10684K, capacity 11399K, committed 11468K, reserved 1048576K
}
Event: 126.393 GC heap before
{Heap before GC invocations=86 (full 0):
 garbage-first heap   total 121856K, used 99177K [0x0000000080000000, 0x0000000100000000)
  region size 1024K, 31 young (31744K), 4 survivors (4096K)
 Metaspace       used 84416K, capacity 86277K, committed 86344K, reserved 1124352K
  class space    used 10988K, capacity 11707K, committed 11724K, reserved 1048576K
}
Event: 126.455 GC heap after
{Heap after GC invocations=87 (full 0):
 garbage-first heap   total 121856K, used 73575K [0x0000000080000000, 0x0000000100000000)
  region size 1024K, 4 young (4096K), 4 survivors (4096K)
 Metaspace       used 84416K, capacity 86277K, committed 86344K, reserved 1124352K
  class space    used 10988K, capacity 11707K, committed 11724K, reserved 1048576K
}
Event: 130.573 GC heap before
{Heap before GC invocations=87 (full 0):
 garbage-first heap   total 121856K, used 101223K [0x0000000080000000, 0x0000000100000000)
  region size 1024K, 31 young (31744K), 4 survivors (4096K)
 Metaspace       used 87913K, capacity 89739K, committed 89928K, reserved 1126400K
  class space    used 11464K, capacity 12146K, committed 12236K, reserved 1048576K
}
Event: 130.617 GC heap after
{Heap after GC invocations=88 (full 0):
 garbage-first heap   total 146432K, used 75281K [0x0000000080000000, 0x0000000100000000)
  region size 1024K, 4 young (4096K), 4 survivors (4096K)
 Metaspace       used 87913K, capacity 89739K, committed 89928K, reserved 1126400K
  class space    used 11464K, capacity 12146K, committed 12236K, reserved 1048576K
}
Event: 138.936 GC heap before
{Heap before GC invocations=89 (full 0):
 garbage-first heap   total 146432K, used 112145K [0x0000000080000000, 0x0000000100000000)
  region size 1024K, 40 young (40960K), 4 survivors (4096K)
 Metaspace       used 91197K, capacity 93327K, committed 93512K, reserved 1130496K
  class space    used 11941K, capacity 12742K, committed 12748K, reserved 1048576K
}
Event: 139.018 GC heap after
{Heap after GC invocations=90 (full 0):
 garbage-first heap   total 146432K, used 78645K [0x0000000080000000, 0x0000000100000000)
  region size 1024K, 5 young (5120K), 5 survivors (5120K)
 Metaspace       used 91197K, capacity 93327K, committed 93512K, reserved 1130496K
  class space    used 11941K, capacity 12742K, committed 12748K, reserved 1048576K
}
Event: 144.895 GC heap before
{Heap before GC invocations=90 (full 0):
 garbage-first heap   total 146432K, used 115509K [0x0000000080000000, 0x0000000100000000)
  region size 1024K, 42 young (43008K), 5 survivors (5120K)
 Metaspace       used 96331K, capacity 98378K, committed 98504K, reserved 1134592K
  class space    used 12569K, capacity 13351K, committed 13388K, reserved 1048576K
}
Event: 144.961 GC heap after
{Heap after GC invocations=91 (full 0):
 garbage-first heap   total 146432K, used 81601K [0x0000000080000000, 0x0000000100000000)
  region size 1024K, 3 young (3072K), 3 survivors (3072K)
 Metaspace       used 96331K, capacity 98378K, committed 98504K, reserved 1134592K
  class space    used 12569K, capacity 13351K, committed 13388K, reserved 1048576K
}
Event: 160.454 GC heap before
{Heap before GC invocations=92 (full 0):
 garbage-first heap   total 146432K, used 117441K [0x0000000080000000, 0x0000000100000000)
  region size 1024K, 39 young (39936K), 3 survivors (3072K)
 Metaspace       used 98197K, capacity 100413K, committed 100552K, reserved 1136640K
  class space    used 12781K, capacity 13627K, committed 13644K, reserved 1048576K
}
Event: 160.530 GC heap after
{Heap after GC invocations=93 (full 0):
 garbage-first heap   total 146432K, used 84168K [0x0000000080000000, 0x0000000100000000)
  region size 1024K, 5 young (5120K), 5 survivors (5120K)
 Metaspace       used 98197K, capacity 100413K, committed 100552K, reserved 1136640K
  class space    used 12781K, capacity 13627K, committed 13644K, reserved 1048576K
}
Event: 175.929 GC heap before
{Heap before GC invocations=93 (full 0):
 garbage-first heap   total 146432K, used 118984K [0x0000000080000000, 0x0000000100000000)
  region size 1024K, 40 young (40960K), 5 survivors (5120K)
 Metaspace       used 98628K, capacity 100875K, committed 101064K, reserved 1136640K
  class space    used 12781K, capacity 13628K, committed 13644K, reserved 1048576K
}
Event: 176.172 GC heap after
{Heap after GC invocations=94 (full 0):
 garbage-first heap   total 146432K, used 85619K [0x0000000080000000, 0x0000000100000000)
  region size 1024K, 2 young (2048K), 2 survivors (2048K)
 Metaspace       used 98628K, capacity 100875K, committed 101064K, reserved 1136640K
  class space    used 12781K, capacity 13628K, committed 13644K, reserved 1048576K
}

